[0m2021.12.28 14:49:16 INFO  Started: Metals version 0.10.9 in workspace 'C:\Users\alexa\Documents\EFREI\S9\Scala\ProjetScala' for client Visual Studio Code 1.63.2.[0m
[0m2021.12.28 14:49:17 INFO  time: initialize in 1.54s[0m
[0m2021.12.28 14:49:18 WARN  Build server is not auto-connectable.[0m
[0m2021.12.28 14:49:18 WARN  no build tool detected in workspace 'C:\Users\alexa\Documents\EFREI\S9\Scala\ProjetScala'. The most common cause for this problem is that the editor was opened in the wrong working directory, for example if you use sbt then the workspace directory should contain build.sbt. [0m
[0m2021.12.28 14:50:38 INFO  [0m
[0m2021.12.28 14:50:38 INFO  Template applied in C:\Users\alexa\Documents\EFREI\S9\Scala\ProjetScala\.\project[0m
[0m2021.12.28 14:50:38 INFO  [0m
[0m2021.12.28 14:50:38 INFO  time: ran 'giter8.Giter8' in 4.73s[0m
[0m2021.12.28 14:50:45 INFO  shutting down Metals[0m
[0m2021.12.28 14:52:18 INFO  Started: Metals version 0.10.9 in workspace 'C:\Users\alexa\Documents\EFREI\S9\Scala\ProjetScala' for client Visual Studio Code 1.63.2.[0m
[0m2021.12.28 14:52:19 INFO  time: initialize in 1.78s[0m
[0m2021.12.28 14:52:20 WARN  Build server is not auto-connectable.[0m
[0m2021.12.28 14:52:20 WARN  no build target for: C:\Users\alexa\Documents\EFREI\S9\Scala\ProjetScala\src\main\scala\Main.scala[0m
déc. 28, 2021 2:52:21 PM org.eclipse.lsp4j.jsonrpc.RemoteEndpoint handleCancellation
AVERTISSEMENT: Unmatched cancel notification for request id 2
[0m2021.12.28 14:52:24 INFO  no build target: using presentation compiler with only scala-library: 3.1.0[0m
[0m2021.12.28 14:52:28 INFO  time: code lens generation in 6.58s[0m
[0m2021.12.28 14:52:28 INFO  time: code lens generation in 3.94s[0m
[0m2021.12.28 14:58:07 INFO  shutting down Metals[0m
[0m2021.12.30 14:17:50 INFO  Started: Metals version 0.10.9 in workspace 'C:\Users\alexa\Documents\EFREI\S9\Scala\ProjetScala' for client Visual Studio Code 1.63.2.[0m
[0m2021.12.30 14:17:53 INFO  time: initialize in 3.09s[0m
[0m2021.12.30 14:17:54 WARN  Build server is not auto-connectable.[0m
[0m2021.12.30 14:17:55 WARN  no build target for: C:\Users\alexa\Documents\EFREI\S9\Scala\ProjetScala\src\main\scala\Main.scala[0m
[0m2021.12.30 14:18:08 INFO  no build target: using presentation compiler with only scala-library: 3.1.0[0m
[0m2021.12.30 14:18:18 INFO  time: code lens generation in 22s[0m
déc. 30, 2021 2:26:05 PM org.eclipse.lsp4j.jsonrpc.RemoteEndpoint fallbackResponseError
GRAVE: Internal error: java.lang.reflect.InvocationTargetException
java.lang.RuntimeException: java.lang.reflect.InvocationTargetException
	at org.eclipse.lsp4j.jsonrpc.services.GenericEndpoint.lambda$null$0(GenericEndpoint.java:67)
	at org.eclipse.lsp4j.jsonrpc.services.GenericEndpoint.request(GenericEndpoint.java:120)
	at org.eclipse.lsp4j.jsonrpc.RemoteEndpoint.handleRequest(RemoteEndpoint.java:261)
	at org.eclipse.lsp4j.jsonrpc.RemoteEndpoint.consume(RemoteEndpoint.java:190)
	at org.eclipse.lsp4j.jsonrpc.json.StreamMessageProducer.handleMessage(StreamMessageProducer.java:194)
	at org.eclipse.lsp4j.jsonrpc.json.StreamMessageProducer.listen(StreamMessageProducer.java:94)
	at org.eclipse.lsp4j.jsonrpc.json.ConcurrentMessageProcessor.run(ConcurrentMessageProcessor.java:113)
	at java.base/java.util.concurrent.Executors$RunnableAdapter.call(Executors.java:515)
	at java.base/java.util.concurrent.FutureTask.run(FutureTask.java:264)
	at java.base/java.util.concurrent.ThreadPoolExecutor.runWorker(ThreadPoolExecutor.java:1128)
	at java.base/java.util.concurrent.ThreadPoolExecutor$Worker.run(ThreadPoolExecutor.java:628)
	at java.base/java.lang.Thread.run(Thread.java:829)
Caused by: java.lang.reflect.InvocationTargetException
	at java.base/jdk.internal.reflect.NativeMethodAccessorImpl.invoke0(Native Method)
	at java.base/jdk.internal.reflect.NativeMethodAccessorImpl.invoke(NativeMethodAccessorImpl.java:62)
	at java.base/jdk.internal.reflect.DelegatingMethodAccessorImpl.invoke(DelegatingMethodAccessorImpl.java:43)
	at java.base/java.lang.reflect.Method.invoke(Method.java:566)
	at org.eclipse.lsp4j.jsonrpc.services.GenericEndpoint.lambda$null$0(GenericEndpoint.java:65)
	... 11 more
Caused by: java.lang.IllegalArgumentException: 7 is not a valid line number, allowed [0..4]
	at scala.meta.internal.inputs.InternalInput.lineToOffset(InternalInput.scala:37)
	at scala.meta.internal.inputs.InternalInput.lineToOffset$(InternalInput.scala:32)
	at scala.meta.inputs.Input$VirtualFile.lineToOffset(Input.scala:80)
	at scala.meta.inputs.Position$Range$.apply(Position.scala:59)
	at scala.meta.internal.mtags.MtagsEnrichments$XtensionPositionLspInverse.toMeta(MtagsEnrichments.scala:133)
	at scala.meta.internal.parsing.Trees.$anonfun$findLastEnclosingAt$4(Trees.scala:77)
	at scala.Option.flatMap(Option.scala:271)
	at scala.meta.internal.parsing.Trees.findLastEnclosingAt(Trees.scala:76)
	at scala.meta.internal.metals.codeactions.PatternMatchRefactor.contribute(PatternMatchRefactor.scala:96)
	at scala.meta.internal.metals.CodeActionProvider$$anonfun$1.applyOrElse(CodeActionProvider.scala:62)
	at scala.meta.internal.metals.CodeActionProvider$$anonfun$1.applyOrElse(CodeActionProvider.scala:61)
	at scala.collection.immutable.List.collect(List.scala:323)
	at scala.meta.internal.metals.CodeActionProvider.codeActions(CodeActionProvider.scala:61)
	at scala.meta.internal.metals.MetalsLanguageServer.$anonfun$codeAction$1(MetalsLanguageServer.scala:1555)
	at scala.meta.internal.metals.CancelTokens$.future(CancelTokens.scala:38)
	at scala.meta.internal.metals.MetalsLanguageServer.codeAction(MetalsLanguageServer.scala:1554)
	... 16 more

[0m2021.12.30 14:27:03 WARN  no build target for: C:\Users\alexa\Documents\EFREI\S9\Scala\ProjetScala\src\main\scala\Main.scala[0m
[0m2021.12.30 14:28:52 WARN  no build target for: C:\Users\alexa\Documents\EFREI\S9\Scala\ProjetScala\src\main\scala\Main.scala[0m
[0m2021.12.30 14:30:45 WARN  no build target for: C:\Users\alexa\Desktop\test3\src\main\scala\Point.scala[0m
[0m2021.12.30 14:31:48 WARN  no build target for: C:\Users\alexa\Documents\EFREI\S9\Scala\exopoint\src\main\scala\Point.scala[0m
[0m2021.12.30 14:32:16 WARN  no build target for: C:\Users\alexa\Documents\EFREI\S9\Scala\ProjetScala\src\main\scala\Point.scala[0m
[0m2021.12.30 14:32:39 WARN  no build target for: C:\Users\alexa\Documents\EFREI\S9\Scala\ProjetScala\src\main\scala\Point.scala[0m
[0m2021.12.30 14:33:40 WARN  no build target for: C:\Users\alexa\Documents\EFREI\S9\Scala\ProjetScala\src\main\scala\Point.scala[0m
[0m2021.12.30 14:37:26 WARN  no build target for: C:\Users\alexa\Documents\EFREI\S9\Scala\ProjetScala\src\main\scala\Main.scala[0m
[0m2021.12.30 14:37:43 WARN  no build target for: C:\Users\alexa\Documents\EFREI\S9\Scala\ProjetScala\src\main\scala\Point.scala[0m
[0m2021.12.30 14:37:59 WARN  no build target for: C:\Users\alexa\Documents\EFREI\S9\Scala\ProjetScala\src\main\scala\Main.scala[0m
[0m2021.12.30 14:42:15 WARN  no build target for: C:\Users\alexa\Documents\EFREI\S9\Scala\ProjetScala\src\main\scala\Main.scala[0m
[0m2021.12.30 14:44:30 WARN  no build target for: C:\Users\alexa\Documents\EFREI\S9\Scala\ProjetScala\src\main\scala\Main.scala[0m
[0m2021.12.30 14:44:44 WARN  no build target for: C:\Users\alexa\Documents\EFREI\S9\Scala\ProjetScala\src\main\scala\Main.scala[0m
[0m2021.12.30 14:45:25 WARN  no build target for: C:\Users\alexa\Documents\EFREI\S9\Scala\exopoint\src\main\scala\Main.scala[0m
[0m2021.12.30 14:51:33 WARN  no build target for: C:\Users\alexa\Documents\EFREI\S9\Scala\ProjetScala\src\main\scala\Main.scala[0m
[0m2021.12.30 14:51:53 WARN  no build target for: C:\Users\alexa\Documents\EFREI\S9\Scala\ProjetScala\src\main\scala\Point.scala[0m
[0m2021.12.30 14:52:23 WARN  no build target for: C:\Users\alexa\Documents\EFREI\S9\Scala\ProjetScala\src\main\scala\Point.scala[0m
[0m2021.12.30 14:53:18 WARN  no build target for: C:\Users\alexa\Documents\EFREI\S9\Scala\ProjetScala\src\main\scala\Main.scala[0m
[0m2021.12.30 14:58:45 WARN  no build target for: C:\Users\alexa\Documents\EFREI\S9\Scala\ProjetScala\src\main\scala\Point.scala[0m
[0m2021.12.30 14:58:47 WARN  no build target for: C:\Users\alexa\Documents\EFREI\S9\Scala\ProjetScala\src\main\scala\Point.scala[0m
[0m2021.12.30 14:59:56 WARN  no build target for: C:\Users\alexa\Documents\EFREI\S9\Scala\ProjetScala\src\main\scala\Point.scala[0m
[0m2021.12.30 15:01:30 WARN  no build target for: C:\Users\alexa\Documents\EFREI\S9\Scala\ProjetScala\src\main\scala\Main.scala[0m
[0m2021.12.30 15:01:40 WARN  no build target for: C:\Users\alexa\Documents\EFREI\S9\Scala\ProjetScala\src\main\scala\Main.scala[0m
[0m2021.12.30 15:07:30 INFO  shutting down Metals[0m
[0m2021.12.30 15:08:03 INFO  Started: Metals version 0.10.9 in workspace 'C:\Users\alexa\Documents\EFREI\S9\Scala\ProjetScala' for client Visual Studio Code 1.63.2.[0m
[0m2021.12.30 15:08:06 INFO  time: initialize in 3.14s[0m
[0m2021.12.30 15:08:07 WARN  Build server is not auto-connectable.[0m
[0m2021.12.30 15:08:07 WARN  no build target for: C:\Users\alexa\Documents\EFREI\S9\Scala\ProjetScala\src\main\scala\Main.scala[0m
[0m2021.12.30 15:08:08 INFO  skipping build import with status 'Requested'[0m
[0m2021.12.30 15:08:18 INFO  no build target: using presentation compiler with only scala-library: 3.1.0[0m
[0m2021.12.30 15:08:23 INFO  time: code lens generation in 11s[0m
[0m2021.12.30 15:08:23 INFO  time: code lens generation in 4.79s[0m
[0m2021.12.30 15:08:23 INFO  time: code lens generation in 4.08s[0m
[0m2021.12.30 15:08:23 INFO  time: code lens generation in 10s[0m
[0m2021.12.30 15:08:23 INFO  time: code lens generation in 14s[0m
[0m2021.12.30 15:24:41 INFO  shutting down Metals[0m
[0m2021.12.31 11:03:09 INFO  Started: Metals version 0.10.9 in workspace 'C:\Users\alexa\Documents\EFREI\S9\Scala\ProjetScala' for client Visual Studio Code 1.63.2.[0m
[0m2021.12.31 11:03:10 INFO  time: initialize in 1.56s[0m
[0m2021.12.31 11:03:11 WARN  Build server is not auto-connectable.[0m
[0m2021.12.31 11:03:11 WARN  no build target for: C:\Users\alexa\Documents\EFREI\S9\Scala\ProjetScala\src\main\scala\Main.scala[0m
[0m2021.12.31 11:03:11 INFO  skipping build import with status 'Requested'[0m
[0m2021.12.31 11:03:17 INFO  no build target: using presentation compiler with only scala-library: 3.1.0[0m
[0m2021.12.31 11:03:21 INFO  time: code lens generation in 9.6s[0m
[0m2021.12.31 11:04:15 WARN  no build target for: C:\Users\alexa\Documents\EFREI\S9\Scala\ProjetScala\src\main\scala\Main_KS.scala[0m
[0m2021.12.31 11:04:24 WARN  no build target for: C:\Users\alexa\Documents\EFREI\S9\Scala\ProjetScala\src\main\scala\Point_KS.scala[0m
[0m2021.12.31 11:05:02 WARN  no build target for: C:\Users\alexa\Documents\EFREI\S9\Scala\ProjetScala\src\main\scala\Point.scala[0m
[0m2021.12.31 11:05:56 WARN  no build target for: C:\Users\alexa\Documents\EFREI\S9\Scala\ProjetScala\src\main\scala\Point_KS.scala[0m
[0m2021.12.31 11:06:13 WARN  no build target for: C:\Users\alexa\Documents\EFREI\S9\Scala\ProjetScala\src\main\scala\Main_KS.scala[0m
[0m2021.12.31 11:11:10 WARN  no build target for: C:\Users\alexa\Documents\EFREI\S9\Scala\ProjetScala\src\main\scala\Point.scala[0m
[0m2021.12.31 11:11:13 WARN  no build target for: C:\Users\alexa\Documents\EFREI\S9\Scala\ProjetScala\src\main\scala\Main.scala[0m
[0m2021.12.31 11:11:22 WARN  no build target for: C:\Users\alexa\Documents\EFREI\S9\Scala\ProjetScala\src\main\scala\Point.scala[0m
[0m2021.12.31 11:19:01 INFO  shutting down Metals[0m
[0m2022.01.03 13:46:48 INFO  Started: Metals version 0.10.9 in workspace 'C:\Users\alexa\Documents\EFREI\S9\Scala\ProjetScala' for client Visual Studio Code 1.63.2.[0m
[0m2022.01.03 13:46:52 INFO  time: initialize in 3.96s[0m
[0m2022.01.03 13:46:53 WARN  Build server is not auto-connectable.[0m
[0m2022.01.03 13:46:53 WARN  no build target for: C:\Users\alexa\Documents\EFREI\S9\Scala\ProjetScala\src\main\scala\Main.scala[0m
[0m2022.01.03 13:46:53 INFO  skipping build import with status 'Requested'[0m
[0m2022.01.03 13:47:08 INFO  no build target: using presentation compiler with only scala-library: 3.1.0[0m
[0m2022.01.03 13:47:17 INFO  time: code lens generation in 23s[0m
[0m2022.01.03 13:50:53 WARN  no build target for: C:\Users\alexa\Documents\EFREI\S9\Scala\ProjetScala\src\main\scala\Point2.scala[0m
[0m2022.01.03 13:51:03 WARN  no build target for: C:\Users\alexa\Documents\EFREI\S9\Scala\ProjetScala\src\main\scala\Point.scala[0m
[0m2022.01.03 14:10:30 WARN  no build target for: C:\Users\alexa\Documents\EFREI\S9\Scala\ProjetScala\src\main\scala\Point.scala[0m
[0m2022.01.03 14:11:57 WARN  no build target for: C:\Users\alexa\Documents\EFREI\S9\Scala\ProjetScala\src\main\scala\Point.scala[0m
[0m2022.01.03 14:15:42 WARN  no build target for: C:\Users\alexa\Documents\EFREI\S9\Scala\exopoint\src\main\scala\Fruit.scala[0m
[0m2022.01.03 14:18:03 WARN  no build target for: C:\Users\alexa\Documents\EFREI\S9\Scala\ProjetScala\src\main\scala\Point.scala[0m
[0m2022.01.03 14:18:19 WARN  no build target for: C:\Users\alexa\Documents\EFREI\S9\Scala\ProjetScala\src\main\scala\Point.scala[0m
janv. 03, 2022 2:31:04 PM org.eclipse.lsp4j.jsonrpc.RemoteEndpoint fallbackResponseError
GRAVE: Internal error: java.lang.reflect.InvocationTargetException
java.lang.RuntimeException: java.lang.reflect.InvocationTargetException
	at org.eclipse.lsp4j.jsonrpc.services.GenericEndpoint.lambda$null$0(GenericEndpoint.java:67)
	at org.eclipse.lsp4j.jsonrpc.services.GenericEndpoint.request(GenericEndpoint.java:120)
	at org.eclipse.lsp4j.jsonrpc.RemoteEndpoint.handleRequest(RemoteEndpoint.java:261)
	at org.eclipse.lsp4j.jsonrpc.RemoteEndpoint.consume(RemoteEndpoint.java:190)
	at org.eclipse.lsp4j.jsonrpc.json.StreamMessageProducer.handleMessage(StreamMessageProducer.java:194)
	at org.eclipse.lsp4j.jsonrpc.json.StreamMessageProducer.listen(StreamMessageProducer.java:94)
	at org.eclipse.lsp4j.jsonrpc.json.ConcurrentMessageProcessor.run(ConcurrentMessageProcessor.java:113)
	at java.base/java.util.concurrent.Executors$RunnableAdapter.call(Executors.java:515)
	at java.base/java.util.concurrent.FutureTask.run(FutureTask.java:264)
	at java.base/java.util.concurrent.ThreadPoolExecutor.runWorker(ThreadPoolExecutor.java:1128)
	at java.base/java.util.concurrent.ThreadPoolExecutor$Worker.run(ThreadPoolExecutor.java:628)
	at java.base/java.lang.Thread.run(Thread.java:829)
Caused by: java.lang.reflect.InvocationTargetException
	at jdk.internal.reflect.GeneratedMethodAccessor5.invoke(Unknown Source)
	at java.base/jdk.internal.reflect.DelegatingMethodAccessorImpl.invoke(DelegatingMethodAccessorImpl.java:43)
	at java.base/java.lang.reflect.Method.invoke(Method.java:566)
	at org.eclipse.lsp4j.jsonrpc.services.GenericEndpoint.lambda$null$0(GenericEndpoint.java:65)
	... 11 more
Caused by: java.lang.IllegalArgumentException: 21 is not a valid line number, allowed [0..20]
	at scala.meta.internal.inputs.InternalInput.lineToOffset(InternalInput.scala:37)
	at scala.meta.internal.inputs.InternalInput.lineToOffset$(InternalInput.scala:32)
	at scala.meta.inputs.Input$VirtualFile.lineToOffset(Input.scala:80)
	at scala.meta.inputs.Position$Range$.lineLength$1(Position.scala:57)
	at scala.meta.inputs.Position$Range$.apply(Position.scala:60)
	at scala.meta.internal.mtags.MtagsEnrichments$XtensionPositionLspInverse.toMeta(MtagsEnrichments.scala:133)
	at scala.meta.internal.parsing.Trees.$anonfun$findLastEnclosingAt$4(Trees.scala:77)
	at scala.Option.flatMap(Option.scala:271)
	at scala.meta.internal.parsing.Trees.findLastEnclosingAt(Trees.scala:76)
	at scala.meta.internal.metals.codeactions.PatternMatchRefactor.contribute(PatternMatchRefactor.scala:96)
	at scala.meta.internal.metals.CodeActionProvider$$anonfun$1.applyOrElse(CodeActionProvider.scala:62)
	at scala.meta.internal.metals.CodeActionProvider$$anonfun$1.applyOrElse(CodeActionProvider.scala:61)
	at scala.collection.immutable.List.collect(List.scala:323)
	at scala.meta.internal.metals.CodeActionProvider.codeActions(CodeActionProvider.scala:61)
	at scala.meta.internal.metals.MetalsLanguageServer.$anonfun$codeAction$1(MetalsLanguageServer.scala:1555)
	at scala.meta.internal.metals.CancelTokens$.future(CancelTokens.scala:38)
	at scala.meta.internal.metals.MetalsLanguageServer.codeAction(MetalsLanguageServer.scala:1554)
	... 15 more

[0m2022.01.03 14:31:42 WARN  no build target for: C:\Users\alexa\Documents\EFREI\S9\Scala\ProjetScala\src\main\scala\Point.scala[0m
[0m2022.01.03 14:34:51 WARN  no build target for: C:\Users\alexa\Documents\EFREI\S9\Scala\ProjetScala\src\main\scala\Point.scala[0m
[0m2022.01.03 14:34:59 WARN  no build target for: C:\Users\alexa\Documents\EFREI\S9\Scala\ProjetScala\src\main\scala\Point.scala[0m
janv. 03, 2022 2:47:24 PM org.eclipse.lsp4j.jsonrpc.RemoteEndpoint handleCancellation
AVERTISSEMENT: Unmatched cancel notification for request id 1495
[0m2022.01.03 14:49:13 WARN  no build target for: C:\Users\alexa\Documents\EFREI\S9\Scala\ProjetScala\src\main\scala\Point.scala[0m
[0m2022.01.03 14:49:34 WARN  no build target for: C:\Users\alexa\Documents\EFREI\S9\Scala\ProjetScala\src\main\scala\Main.scala[0m
[0m2022.01.03 14:50:07 WARN  no build target for: C:\Users\alexa\Documents\EFREI\S9\Scala\ProjetScala\src\main\scala\Main.scala[0m
janv. 03, 2022 2:51:48 PM org.eclipse.lsp4j.jsonrpc.RemoteEndpoint handleCancellation
AVERTISSEMENT: Unmatched cancel notification for request id 2138
[0m2022.01.03 14:54:53 WARN  no build target for: C:\Users\alexa\Documents\EFREI\S9\Scala\ProjetScala\src\main\scala\Point.scala[0m
[0m2022.01.03 14:55:06 WARN  no build target for: C:\Users\alexa\Documents\EFREI\S9\Scala\ProjetScala\src\main\scala\Main.scala[0m
[0m2022.01.03 14:55:19 WARN  no build target for: C:\Users\alexa\Documents\EFREI\S9\Scala\ProjetScala\src\main\scala\Point.scala[0m
[0m2022.01.03 14:55:37 WARN  no build target for: C:\Users\alexa\Documents\EFREI\S9\Scala\ProjetScala\src\main\scala\Point.scala[0m
[0m2022.01.03 14:56:03 WARN  no build target for: C:\Users\alexa\Documents\EFREI\S9\Scala\ProjetScala\src\main\scala\Main.scala[0m
[0m2022.01.03 14:56:31 WARN  no build target for: C:\Users\alexa\Documents\EFREI\S9\Scala\ProjetScala\src\main\scala\Point.scala[0m
[0m2022.01.03 15:01:21 WARN  no build target for: C:\Users\alexa\Documents\EFREI\S9\Scala\ProjetScala\src\main\scala\Point.scala[0m
[0m2022.01.03 15:02:01 WARN  no build target for: C:\Users\alexa\Documents\EFREI\S9\Scala\ProjetScala\src\main\scala\Main.scala[0m
[0m2022.01.03 15:03:27 WARN  no build target for: C:\Users\alexa\Documents\EFREI\S9\Scala\ProjetScala\src\main\scala\Point.scala[0m
[0m2022.01.03 15:04:15 WARN  no build target for: C:\Users\alexa\Documents\EFREI\S9\Scala\ProjetScala\src\main\scala\Main.scala[0m
[0m2022.01.03 15:05:27 WARN  no build target for: C:\Users\alexa\Documents\EFREI\S9\Scala\ProjetScala\src\main\scala\Main.scala[0m
[0m2022.01.03 15:06:15 WARN  no build target for: C:\Users\alexa\Documents\EFREI\S9\Scala\ProjetScala\src\main\scala\Point.scala[0m
[0m2022.01.03 15:06:39 WARN  no build target for: C:\Users\alexa\Documents\EFREI\S9\Scala\ProjetScala\src\main\scala\Main.scala[0m
[0m2022.01.03 15:08:06 WARN  no build target for: C:\Users\alexa\Documents\EFREI\S9\Scala\ProjetScala\src\main\scala\Main.scala[0m
[0m2022.01.03 15:08:26 WARN  no build target for: C:\Users\alexa\Documents\EFREI\S9\Scala\ProjetScala\src\main\scala\Point.scala[0m
[0m2022.01.03 15:08:41 WARN  no build target for: C:\Users\alexa\Documents\EFREI\S9\Scala\ProjetScala\src\main\scala\Main.scala[0m
[0m2022.01.03 15:09:12 WARN  no build target for: C:\Users\alexa\Documents\EFREI\S9\Scala\ProjetScala\src\main\scala\Main.scala[0m
janv. 03, 2022 3:09:35 PM org.eclipse.lsp4j.jsonrpc.RemoteEndpoint handleCancellation
AVERTISSEMENT: Unmatched cancel notification for request id 3696
[0m2022.01.03 15:09:54 WARN  no build target for: C:\Users\alexa\Documents\EFREI\S9\Scala\ProjetScala\src\main\scala\Main.scala[0m
Exception in thread "pool-3-thread-1" java.lang.InterruptedException
	at scala.meta.internal.metals.FutureCancelToken.checkCanceled(FutureCancelToken.scala:29)
	at scala.meta.internal.pc.CompilerAccess.onCompilerJobQueue$$anonfun$1(CompilerAccess.scala:195)
	at scala.meta.internal.pc.CompilerJobQueue$Job.run(CompilerJobQueue.scala:139)
	at java.base/java.util.concurrent.ThreadPoolExecutor.runWorker(ThreadPoolExecutor.java:1128)
	at java.base/java.util.concurrent.ThreadPoolExecutor$Worker.run(ThreadPoolExecutor.java:628)
	at java.base/java.lang.Thread.run(Thread.java:829)
[0m2022.01.03 15:10:53 WARN  no build target for: C:\Users\alexa\Documents\EFREI\S9\Scala\ProjetScala\src\main\scala\Main.scala[0m
[0m2022.01.03 15:11:09 WARN  no build target for: C:\Users\alexa\Documents\EFREI\S9\Scala\ProjetScala\src\main\scala\Main.scala[0m
[0m2022.01.03 15:11:23 WARN  no build target for: C:\Users\alexa\Documents\EFREI\S9\Scala\ProjetScala\src\main\scala\Main.scala[0m
[0m2022.01.03 15:15:43 WARN  no build target for: C:\Users\alexa\Documents\EFREI\S9\Scala\ProjetScala\src\main\scala\Point.scala[0m
[0m2022.01.03 15:16:29 WARN  no build target for: C:\Users\alexa\Documents\EFREI\S9\Scala\ProjetScala\src\main\scala\Main.scala[0m
[0m2022.01.03 15:17:05 WARN  no build target for: C:\Users\alexa\Documents\EFREI\S9\Scala\ProjetScala\src\main\scala\Main.scala[0m
[0m2022.01.03 15:19:15 WARN  no build target for: C:\Users\alexa\Documents\EFREI\S9\Scala\ProjetScala\src\main\scala\Main.scala[0m
[0m2022.01.03 15:19:35 WARN  no build target for: C:\Users\alexa\Documents\EFREI\S9\Scala\ProjetScala\src\main\scala\Main.scala[0m
[0m2022.01.03 15:19:59 WARN  no build target for: C:\Users\alexa\Documents\EFREI\S9\Scala\ProjetScala\src\main\scala\Main.scala[0m
[0m2022.01.03 15:20:16 WARN  no build target for: C:\Users\alexa\Documents\EFREI\S9\Scala\ProjetScala\src\main\scala\Main.scala[0m
[0m2022.01.03 15:20:26 WARN  no build target for: C:\Users\alexa\Documents\EFREI\S9\Scala\ProjetScala\src\main\scala\Main.scala[0m
[0m2022.01.03 15:20:36 WARN  no build target for: C:\Users\alexa\Documents\EFREI\S9\Scala\ProjetScala\src\main\scala\Main.scala[0m
